# JRE version: OpenJDK Runtime Environment Temurin-17.0.2+8 (17.0.2+8) (build 17.0.2+8)
# Java VM: OpenJDK 64-Bit Server VM Temurin-17.0.2+8 (17.0.2+8, mixed mode, tiered, compressed oops, compressed class ptrs, g1 gc, windows-amd64)
GC Precious Log:
 CPUs: 12 total, 12 available
 Memory: 7549M
 Large Page Support: Disabled
 NUMA Support: Disabled
 Compressed Oops: Enabled (32-bit)
 Heap Region Size: 1M
 Heap Min Capacity: 8M
 Heap Initial Capacity: 118M
 Heap Max Capacity: 1888M
 Pre-touch: Disabled
 Parallel Workers: 10
 Concurrent Workers: 3
 Concurrent Refinement Workers: 10
 Periodic GC: Disabled
Heap:
 garbage-first heap   total 312320K, used 185999K [0x000000008a000000, 0x0000000100000000)
  region size 1024K, 1 young (1024K), 1 survivors (1024K)
 Metaspace       used 25411K, committed 25600K, reserved 1073152K
  class space    used 2589K, committed 2688K, reserved 1048576K
GC Heap History (13 events):
Event: 1.998 GC heap before
{Heap before GC invocations=0 (full 0):
 garbage-first heap   total 120832K, used 33792K [0x000000008a000000, 0x0000000100000000)
  region size 1024K, 23 young (23552K), 0 survivors (0K)
 Metaspace       used 17158K, committed 17280K, reserved 1064960K
  class space    used 1722K, committed 1792K, reserved 1048576K
}
Event: 2.005 GC heap after
{Heap after GC invocations=1 (full 0):
 garbage-first heap   total 120832K, used 13759K [0x000000008a000000, 0x0000000100000000)
  region size 1024K, 3 young (3072K), 3 survivors (3072K)
 Metaspace       used 17158K, committed 17280K, reserved 1064960K
  class space    used 1722K, committed 1792K, reserved 1048576K
}
Event: 2.635 GC heap before
{Heap before GC invocations=1 (full 0):
 garbage-first heap   total 120832K, used 31167K [0x000000008a000000, 0x0000000100000000)
  region size 1024K, 18 young (18432K), 3 survivors (3072K)
 Metaspace       used 21332K, committed 21504K, reserved 1073152K
  class space    used 2151K, committed 2240K, reserved 1048576K
}
Event: 2.640 GC heap after
{Heap after GC invocations=2 (full 0):
 garbage-first heap   total 120832K, used 19512K [0x000000008a000000, 0x0000000100000000)
  region size 1024K, 3 young (3072K), 3 survivors (3072K)
 Metaspace       used 21332K, committed 21504K, reserved 1073152K
  class space    used 2151K, committed 2240K, reserved 1048576K
}
Event: 3.574 GC heap before
{Heap before GC invocations=3 (full 0):
 garbage-first heap   total 71680K, used 54328K [0x000000008a000000, 0x0000000100000000)
  region size 1024K, 27 young (27648K), 3 survivors (3072K)
 Metaspace       used 23049K, committed 23232K, reserved 1073152K
  class space    used 2346K, committed 2432K, reserved 1048576K
}
Event: 3.580 GC heap after
{Heap after GC invocations=4 (full 0):
 garbage-first heap   total 71680K, used 32938K [0x000000008a000000, 0x0000000100000000)
  region size 1024K, 5 young (5120K), 5 survivors (5120K)
 Metaspace       used 23049K, committed 23232K, reserved 1073152K
  class space    used 2346K, committed 2432K, reserved 1048576K
}
Event: 3.594 GC heap before
{Heap before GC invocations=4 (full 0):
 garbage-first heap   total 71680K, used 38058K [0x000000008a000000, 0x0000000100000000)
  region size 1024K, 6 young (6144K), 5 survivors (5120K)
 Metaspace       used 23129K, committed 23296K, reserved 1073152K
  class space    used 2360K, committed 2432K, reserved 1048576K
}
Event: 3.600 GC heap after
{Heap after GC invocations=5 (full 0):
 garbage-first heap   total 71680K, used 38173K [0x000000008a000000, 0x0000000100000000)
  region size 1024K, 1 young (1024K), 1 survivors (1024K)
 Metaspace       used 23129K, committed 23296K, reserved 1073152K
  class space    used 2360K, committed 2432K, reserved 1048576K
}
Event: 42.432 GC heap before
{Heap before GC invocations=5 (full 0):
 garbage-first heap   total 71680K, used 49437K [0x000000008a000000, 0x0000000100000000)
  region size 1024K, 13 young (13312K), 1 survivors (1024K)
 Metaspace       used 24736K, committed 24896K, reserved 1073152K
  class space    used 2483K, committed 2560K, reserved 1048576K
}
Event: 42.434 GC heap after
{Heap after GC invocations=6 (full 0):
 garbage-first heap   total 71680K, used 38317K [0x000000008a000000, 0x0000000100000000)
  region size 1024K, 1 young (1024K), 1 survivors (1024K)
 Metaspace       used 24736K, committed 24896K, reserved 1073152K
  class space    used 2483K, committed 2560K, reserved 1048576K
}
Event: 48.783 GC heap before
{Heap before GC invocations=7 (full 0):
 garbage-first heap   total 78848K, used 50605K [0x000000008a000000, 0x0000000100000000)
  region size 1024K, 9 young (9216K), 1 survivors (1024K)
 Metaspace       used 25411K, committed 25600K, reserved 1073152K
  class space    used 2589K, committed 2688K, reserved 1048576K
}
Event: 48.785 GC heap after
{Heap after GC invocations=8 (full 0):
 garbage-first heap   total 78848K, used 44719K [0x000000008a000000, 0x0000000100000000)
  region size 1024K, 1 young (1024K), 1 survivors (1024K)
 Metaspace       used 25411K, committed 25600K, reserved 1073152K
  class space    used 2589K, committed 2688K, reserved 1048576K
}
Event: 49.181 GC heap before
{Heap before GC invocations=9 (full 0):
 garbage-first heap   total 312320K, used 199343K [0x000000008a000000, 0x0000000100000000)
  region size 1024K, 15 young (15360K), 1 survivors (1024K)
 Metaspace       used 25411K, committed 25600K, reserved 1073152K
  class space    used 2589K, committed 2688K, reserved 1048576K
}

