# JRE version: OpenJDK Runtime Environment Temurin-17.0.2+8 (17.0.2+8) (build 17.0.2+8)
# Java VM: OpenJDK 64-Bit Server VM Temurin-17.0.2+8 (17.0.2+8, mixed mode, tiered, compressed oops, compressed class ptrs, g1 gc, windows-amd64)
GC Precious Log:
 CPUs: 12 total, 12 available
 Memory: 7549M
 Large Page Support: Disabled
 NUMA Support: Disabled
 Compressed Oops: Enabled (32-bit)
 Heap Region Size: 1M
 Heap Min Capacity: 8M
 Heap Initial Capacity: 118M
 Heap Max Capacity: 1888M
 Pre-touch: Disabled
 Parallel Workers: 10
 Concurrent Workers: 3
 Concurrent Refinement Workers: 10
 Periodic GC: Disabled
Heap:
 garbage-first heap   total 265216K, used 203382K [0x000000008a000000, 0x0000000100000000)
  region size 1024K, 4 young (4096K), 3 survivors (3072K)
 Metaspace       used 27448K, committed 27648K, reserved 1081344K
  class space    used 2830K, committed 2944K, reserved 1048576K
GC Heap History (20 events):
Event: 19.044 GC heap before
{Heap before GC invocations=6 (full 0):
 garbage-first heap   total 48128K, used 30995K [0x000000008a000000, 0x0000000100000000)
  region size 1024K, 7 young (7168K), 1 survivors (1024K)
 Metaspace       used 24242K, committed 24384K, reserved 1073152K
  class space    used 2496K, committed 2560K, reserved 1048576K
}
Event: 19.046 GC heap after
{Heap after GC invocations=7 (full 0):
 garbage-first heap   total 48128K, used 30038K [0x000000008a000000, 0x0000000100000000)
  region size 1024K, 2 young (2048K), 2 survivors (2048K)
 Metaspace       used 24242K, committed 24384K, reserved 1073152K
  class space    used 2496K, committed 2560K, reserved 1048576K
}
Event: 19.404 GC heap before
{Heap before GC invocations=8 (full 0):
 garbage-first heap   total 63488K, used 41302K [0x000000008a000000, 0x0000000100000000)
  region size 1024K, 8 young (8192K), 2 survivors (2048K)
 Metaspace       used 24302K, committed 24448K, reserved 1073152K
  class space    used 2501K, committed 2560K, reserved 1048576K
}
Event: 19.408 GC heap after
{Heap after GC invocations=9 (full 0):
 garbage-first heap   total 63488K, used 36572K [0x000000008a000000, 0x0000000100000000)
  region size 1024K, 1 young (1024K), 1 survivors (1024K)
 Metaspace       used 24302K, committed 24448K, reserved 1073152K
  class space    used 2501K, committed 2560K, reserved 1048576K
}
Event: 26.313 GC heap before
{Heap before GC invocations=9 (full 0):
 garbage-first heap   total 63488K, used 37596K [0x000000008a000000, 0x0000000100000000)
  region size 1024K, 3 young (3072K), 1 survivors (1024K)
 Metaspace       used 25110K, committed 25408K, reserved 1073152K
  class space    used 2567K, committed 2688K, reserved 1048576K
}
Event: 26.314 GC heap after
{Heap after GC invocations=10 (full 0):
 garbage-first heap   total 63488K, used 37061K [0x000000008a000000, 0x0000000100000000)
  region size 1024K, 1 young (1024K), 1 survivors (1024K)
 Metaspace       used 25110K, committed 25408K, reserved 1073152K
  class space    used 2567K, committed 2688K, reserved 1048576K
}
Event: 27.415 GC heap before
{Heap before GC invocations=11 (full 0):
 garbage-first heap   total 66560K, used 43205K [0x000000008a000000, 0x0000000100000000)
  region size 1024K, 7 young (7168K), 1 survivors (1024K)
 Metaspace       used 26555K, committed 26816K, reserved 1073152K
  class space    used 2784K, committed 2944K, reserved 1048576K
}
Event: 27.418 GC heap after
{Heap after GC invocations=12 (full 0):
 garbage-first heap   total 66560K, used 38700K [0x000000008a000000, 0x0000000100000000)
  region size 1024K, 2 young (2048K), 2 survivors (2048K)
 Metaspace       used 26555K, committed 26816K, reserved 1073152K
  class space    used 2784K, committed 2944K, reserved 1048576K
}
Event: 35.520 GC heap before
{Heap before GC invocations=13 (full 0):
 garbage-first heap   total 78848K, used 50988K [0x000000008a000000, 0x0000000100000000)
  region size 1024K, 10 young (10240K), 2 survivors (2048K)
 Metaspace       used 26787K, committed 27072K, reserved 1073152K
  class space    used 2791K, committed 2944K, reserved 1048576K
}
Event: 35.523 GC heap after
{Heap after GC invocations=14 (full 0):
 garbage-first heap   total 95232K, used 44899K [0x000000008a000000, 0x0000000100000000)
  region size 1024K, 1 young (1024K), 1 survivors (1024K)
 Metaspace       used 26787K, committed 27072K, reserved 1073152K
  class space    used 2791K, committed 2944K, reserved 1048576K
}
Event: 74.823 GC heap before
{Heap before GC invocations=15 (full 0):
 garbage-first heap   total 95232K, used 56163K [0x000000008a000000, 0x0000000100000000)
  region size 1024K, 10 young (10240K), 1 survivors (1024K)
 Metaspace       used 27251K, committed 27456K, reserved 1073152K
  class space    used 2810K, committed 2944K, reserved 1048576K
}
Event: 74.826 GC heap after
{Heap after GC invocations=16 (full 0):
 garbage-first heap   total 95232K, used 48253K [0x000000008a000000, 0x0000000100000000)
  region size 1024K, 2 young (2048K), 2 survivors (2048K)
 Metaspace       used 27251K, committed 27456K, reserved 1073152K
  class space    used 2810K, committed 2944K, reserved 1048576K
}
Event: 75.014 GC heap before
{Heap before GC invocations=17 (full 0):
 garbage-first heap   total 95232K, used 51325K [0x000000008a000000, 0x0000000100000000)
  region size 1024K, 6 young (6144K), 2 survivors (2048K)
 Metaspace       used 27302K, committed 27520K, reserved 1073152K
  class space    used 2815K, committed 2944K, reserved 1048576K
}
Event: 75.017 GC heap after
{Heap after GC invocations=18 (full 0):
 garbage-first heap   total 95232K, used 50217K [0x000000008a000000, 0x0000000100000000)
  region size 1024K, 2 young (2048K), 2 survivors (2048K)
 Metaspace       used 27302K, committed 27520K, reserved 1073152K
  class space    used 2815K, committed 2944K, reserved 1048576K
}
Event: 75.169 GC heap before
{Heap before GC invocations=19 (full 0):
 garbage-first heap   total 96256K, used 59433K [0x000000008a000000, 0x0000000100000000)
  region size 1024K, 8 young (8192K), 2 survivors (2048K)
 Metaspace       used 27351K, committed 27648K, reserved 1081344K
  class space    used 2820K, committed 2944K, reserved 1048576K
}
Event: 75.171 GC heap after
{Heap after GC invocations=20 (full 0):
 garbage-first heap   total 96256K, used 55162K [0x000000008a000000, 0x0000000100000000)
  region size 1024K, 2 young (2048K), 2 survivors (2048K)
 Metaspace       used 27351K, committed 27648K, reserved 1081344K
  class space    used 2820K, committed 2944K, reserved 1048576K
}
Event: 76.200 GC heap before
{Heap before GC invocations=21 (full 0):
 garbage-first heap   total 104448K, used 65402K [0x000000008a000000, 0x0000000100000000)
  region size 1024K, 9 young (9216K), 2 survivors (2048K)
 Metaspace       used 27385K, committed 27648K, reserved 1081344K
  class space    used 2822K, committed 2944K, reserved 1048576K
}
Event: 76.203 GC heap after
{Heap after GC invocations=22 (full 0):
 garbage-first heap   total 125952K, used 60646K [0x000000008a000000, 0x0000000100000000)
  region size 1024K, 3 young (3072K), 3 survivors (3072K)
 Metaspace       used 27385K, committed 27648K, reserved 1081344K
  class space    used 2822K, committed 2944K, reserved 1048576K
}
Event: 76.934 GC heap before
{Heap before GC invocations=23 (full 0):
 garbage-first heap   total 125952K, used 62694K [0x000000008a000000, 0x0000000100000000)
  region size 1024K, 5 young (5120K), 3 survivors (3072K)
 Metaspace       used 27444K, committed 27648K, reserved 1081344K
  class space    used 2830K, committed 2944K, reserved 1048576K
}
Event: 76.937 GC heap after
{Heap after GC invocations=24 (full 0):
 garbage-first heap   total 125952K, used 62070K [0x000000008a000000, 0x0000000100000000)
  region size 1024K, 3 young (3072K), 3 survivors (3072K)
 Metaspace       used 27444K, committed 27648K, reserved 1081344K
  class space    used 2830K, committed 2944K, reserved 1048576K
}

