# JRE version: OpenJDK Runtime Environment Temurin-17.0.2+8 (17.0.2+8) (build 17.0.2+8)
# Java VM: OpenJDK 64-Bit Server VM Temurin-17.0.2+8 (17.0.2+8, mixed mode, tiered, compressed oops, compressed class ptrs, g1 gc, windows-amd64)
GC Precious Log:
 CPUs: 12 total, 12 available
 Memory: 7549M
 Large Page Support: Disabled
 NUMA Support: Disabled
 Compressed Oops: Enabled (32-bit)
 Heap Region Size: 1M
 Heap Min Capacity: 8M
 Heap Initial Capacity: 118M
 Heap Max Capacity: 1888M
 Pre-touch: Disabled
 Parallel Workers: 10
 Concurrent Workers: 3
 Concurrent Refinement Workers: 10
 Periodic GC: Disabled
Heap:
 garbage-first heap   total 71680K, used 42174K [0x000000008a000000, 0x0000000100000000)
  region size 1024K, 11 young (11264K), 1 survivors (1024K)
 Metaspace       used 24127K, committed 24384K, reserved 1073152K
  class space    used 2387K, committed 2496K, reserved 1048576K
GC Heap History (8 events):
Event: 1.756 GC heap before
{Heap before GC invocations=0 (full 0):
 garbage-first heap   total 120832K, used 32768K [0x000000008a000000, 0x0000000100000000)
  region size 1024K, 23 young (23552K), 0 survivors (0K)
 Metaspace       used 17118K, committed 17280K, reserved 1064960K
  class space    used 1714K, committed 1792K, reserved 1048576K
}
Event: 1.763 GC heap after
{Heap after GC invocations=1 (full 0):
 garbage-first heap   total 120832K, used 13817K [0x000000008a000000, 0x0000000100000000)
  region size 1024K, 3 young (3072K), 3 survivors (3072K)
 Metaspace       used 17118K, committed 17280K, reserved 1064960K
  class space    used 1714K, committed 1792K, reserved 1048576K
}
Event: 2.267 GC heap before
{Heap before GC invocations=1 (full 0):
 garbage-first heap   total 120832K, used 31225K [0x000000008a000000, 0x0000000100000000)
  region size 1024K, 18 young (18432K), 3 survivors (3072K)
 Metaspace       used 21295K, committed 21504K, reserved 1073152K
  class space    used 2147K, committed 2304K, reserved 1048576K
}
Event: 2.273 GC heap after
{Heap after GC invocations=2 (full 0):
 garbage-first heap   total 120832K, used 19523K [0x000000008a000000, 0x0000000100000000)
  region size 1024K, 3 young (3072K), 3 survivors (3072K)
 Metaspace       used 21295K, committed 21504K, reserved 1073152K
  class space    used 2147K, committed 2304K, reserved 1048576K
}
Event: 53.201 GC heap before
{Heap before GC invocations=3 (full 0):
 garbage-first heap   total 71680K, used 56387K [0x000000008a000000, 0x0000000100000000)
  region size 1024K, 29 young (29696K), 3 survivors (3072K)
 Metaspace       used 23707K, committed 23936K, reserved 1073152K
  class space    used 2370K, committed 2496K, reserved 1048576K
}
Event: 53.205 GC heap after
{Heap after GC invocations=4 (full 0):
 garbage-first heap   total 71680K, used 33054K [0x000000008a000000, 0x0000000100000000)
  region size 1024K, 5 young (5120K), 5 survivors (5120K)
 Metaspace       used 23707K, committed 23936K, reserved 1073152K
  class space    used 2370K, committed 2496K, reserved 1048576K
}
Event: 56.361 GC heap before
{Heap before GC invocations=4 (full 0):
 garbage-first heap   total 71680K, used 34078K [0x000000008a000000, 0x0000000100000000)
  region size 1024K, 6 young (6144K), 5 survivors (5120K)
 Metaspace       used 23921K, committed 24128K, reserved 1073152K
  class space    used 2385K, committed 2496K, reserved 1048576K
}
Event: 56.365 GC heap after
{Heap after GC invocations=5 (full 0):
 garbage-first heap   total 71680K, used 32958K [0x000000008a000000, 0x0000000100000000)
  region size 1024K, 1 young (1024K), 1 survivors (1024K)
 Metaspace       used 23921K, committed 24128K, reserved 1073152K
  class space    used 2385K, committed 2496K, reserved 1048576K
}

